2025-08-12 12:48:04,856 [INFO] Activator:176 - 


2025-08-12 12:48:04,857 [INFO] Activator:177 - !SESSION log4j initialized
2025-08-12 12:48:07,035 [INFO] LogOutputStream:77 - [STDOUT_REDIRECT] 
2025-08-12 12:48:13,416 [INFO] ApplicationProperties:184 - Using Application install path: /opt/st/stm32cubeide_1.18.0/../../../home/hp15s-pc/.eclipse/com.st.stm32cube.ide.mcu.rcp.product_1.18.0_139067096_linux_gtk_x86_64/plugins/com.st.stm32cube.common.mx_6.14.1.202504091515
2025-08-12 12:48:13,428 [INFO] DbMcusXml:78 - Set database path to: /opt/st/stm32cubeide_1.18.0/../../../home/hp15s-pc/.eclipse/com.st.stm32cube.ide.mcu.rcp.product_1.18.0_139067096_linux_gtk_x86_64/plugins/com.st.stm32cube.common.mx_6.14.1.202504091515//db//mcu/
2025-08-12 12:48:13,428 [INFO] ApiDb:274 - Set plugin database path to: /opt/st/stm32cubeide_1.18.0/../../../home/hp15s-pc/.eclipse/com.st.stm32cube.ide.mcu.rcp.product_1.18.0_139067096_linux_gtk_x86_64/plugins/com.st.stm32cube.common.mx_6.14.1.202504091515//db//plugins/boardmanager/
2025-08-12 12:48:13,428 [WARN] ApiDb:259 - Overriding images path with different value:  => /opt/st/stm32cubeide_1.18.0/../../../home/hp15s-pc/.eclipse/com.st.stm32cube.ide.mcu.rcp.product_1.18.0_139067096_linux_gtk_x86_64/plugins/com.st.stm32cube.common.mx_6.14.1.202504091515//db//plugins/mcufinder/images/
2025-08-12 12:48:13,433 [INFO] ApiDb:250 - Set database path to: /home/hp15s-pc/.stmcufinder/plugins/mcufinder//mcu/
2025-08-12 12:48:13,433 [INFO] DbMcusAds:125 - Set database path to: /home/hp15s-pc/.stmcufinder/plugins/mcufinder//mcu/
2025-08-12 12:48:13,435 [INFO] CrossReferenceDbSqlite:203 - Set database path to: /home/hp15s-pc/.stmcufinder/plugins/mcufinder//mcu/cs/
2025-08-12 12:48:13,515 [INFO] RulesReader:64 - Compatibility file has been processed (302 Rules)
2025-08-12 12:48:13,556 [INFO] DbMcusXml:78 - Set database path to: /opt/st/stm32cubeide_1.18.0/../../../home/hp15s-pc/.eclipse/com.st.stm32cube.ide.mcu.rcp.product_1.18.0_139067096_linux_gtk_x86_64/plugins/com.st.stm32cube.common.mx_6.14.1.202504091515//db//mcu/
2025-08-12 12:48:13,556 [INFO] ApiDb:274 - Set plugin database path to: /opt/st/stm32cubeide_1.18.0/../../../home/hp15s-pc/.eclipse/com.st.stm32cube.ide.mcu.rcp.product_1.18.0_139067096_linux_gtk_x86_64/plugins/com.st.stm32cube.common.mx_6.14.1.202504091515//db//plugins/boardmanager/
2025-08-12 12:48:13,556 [INFO] ApiDb:261 - Set plugin images path to: /opt/st/stm32cubeide_1.18.0/../../../home/hp15s-pc/.eclipse/com.st.stm32cube.ide.mcu.rcp.product_1.18.0_139067096_linux_gtk_x86_64/plugins/com.st.stm32cube.common.mx_6.14.1.202504091515//db//plugins/mcufinder/images/
2025-08-12 12:48:13,556 [WARN] DbFile:41 - Overriding database path with different value: /home/hp15s-pc/.stmcufinder/plugins/mcufinder/ => /home/hp15s-pc/.stmcufinder/plugins/mcufinder
2025-08-12 12:48:13,556 [INFO] ApiDb:250 - Set database path to: /home/hp15s-pc/.stmcufinder/plugins/mcufinder//mcu/
2025-08-12 12:48:13,556 [WARN] DbFile:41 - Overriding database path with different value: /home/hp15s-pc/.stmcufinder/plugins/mcufinder/ => /home/hp15s-pc/.stmcufinder/plugins/mcufinder
2025-08-12 12:48:13,556 [INFO] DbMcusAds:125 - Set database path to: /home/hp15s-pc/.stmcufinder/plugins/mcufinder//mcu/
2025-08-12 12:48:13,556 [WARN] DbFile:41 - Overriding database path with different value: /home/hp15s-pc/.stmcufinder/plugins/mcufinder/ => /home/hp15s-pc/.stmcufinder/plugins/mcufinder
2025-08-12 12:48:13,556 [WARN] DbFile:41 - Overriding database path with different value: /home/hp15s-pc/.stmcufinder/plugins/mcufinder/ => /home/hp15s-pc/.stmcufinder/plugins/mcufinder
2025-08-12 12:48:13,557 [INFO] CrossReferenceDbSqlite:203 - Set database path to: /home/hp15s-pc/.stmcufinder/plugins/mcufinder//mcu/cs/
2025-08-12 12:48:13,601 [INFO] MainPanel:272 - HeapMemory: 268435456
2025-08-12 12:48:13,700 [INFO] DbMcusXml:78 - Set database path to: /opt/st/stm32cubeide_1.18.0/../../../home/hp15s-pc/.eclipse/com.st.stm32cube.ide.mcu.rcp.product_1.18.0_139067096_linux_gtk_x86_64/plugins/com.st.stm32cube.common.mx_6.14.1.202504091515//db//mcu/
2025-08-12 12:48:13,700 [INFO] ApiDb:274 - Set plugin database path to: /opt/st/stm32cubeide_1.18.0/../../../home/hp15s-pc/.eclipse/com.st.stm32cube.ide.mcu.rcp.product_1.18.0_139067096_linux_gtk_x86_64/plugins/com.st.stm32cube.common.mx_6.14.1.202504091515//db//plugins/boardmanager/
2025-08-12 12:48:13,700 [INFO] ApiDb:261 - Set plugin images path to: /opt/st/stm32cubeide_1.18.0/../../../home/hp15s-pc/.eclipse/com.st.stm32cube.ide.mcu.rcp.product_1.18.0_139067096_linux_gtk_x86_64/plugins/com.st.stm32cube.common.mx_6.14.1.202504091515//db//plugins/mcufinder/images/
2025-08-12 12:48:13,700 [WARN] DbFile:41 - Overriding database path with different value: /home/hp15s-pc/.stmcufinder/plugins/mcufinder/ => /home/hp15s-pc/.stmcufinder/plugins/mcufinder
2025-08-12 12:48:13,700 [INFO] ApiDb:250 - Set database path to: /home/hp15s-pc/.stmcufinder/plugins/mcufinder//mcu/
2025-08-12 12:48:13,700 [WARN] DbFile:41 - Overriding database path with different value: /home/hp15s-pc/.stmcufinder/plugins/mcufinder/ => /home/hp15s-pc/.stmcufinder/plugins/mcufinder
2025-08-12 12:48:13,700 [INFO] DbMcusAds:125 - Set database path to: /home/hp15s-pc/.stmcufinder/plugins/mcufinder//mcu/
2025-08-12 12:48:13,700 [WARN] DbFile:41 - Overriding database path with different value: /home/hp15s-pc/.stmcufinder/plugins/mcufinder/ => /home/hp15s-pc/.stmcufinder/plugins/mcufinder
2025-08-12 12:48:13,701 [WARN] DbFile:41 - Overriding database path with different value: /home/hp15s-pc/.stmcufinder/plugins/mcufinder/ => /home/hp15s-pc/.stmcufinder/plugins/mcufinder
2025-08-12 12:48:13,701 [INFO] CrossReferenceDbSqlite:203 - Set database path to: /home/hp15s-pc/.stmcufinder/plugins/mcufinder//mcu/cs/
2025-08-12 12:48:13,712 [INFO] ApplicationProperties:184 - Using Application install path: /opt/st/stm32cubeide_1.18.0/../../../home/hp15s-pc/.eclipse/com.st.stm32cube.ide.mcu.rcp.product_1.18.0_139067096_linux_gtk_x86_64/plugins/com.st.stm32cube.common.mx_6.14.1.202504091515
2025-08-12 12:48:13,713 [INFO] PluginManage:196 - Search for loadable plugins [exclusion list=, ]
2025-08-12 12:48:13,714 [INFO] PluginManage:310 - Check plugin analytics
2025-08-12 12:48:13,834 [INFO] AnalyticsPlugin:253 - Accepted Software Licenses: 
2025-08-12 12:48:13,835 [INFO] AnalyticsPlugin:255 - Accepted CMSIS Pack Licenses: 
2025-08-12 12:48:13,835 [INFO] AnalyticsPlugin:257 - Accepted Firmware Licenses: FW.F4.1.28.0
2025-08-12 12:48:13,837 [INFO] PluginManage:359 - Loaded plugin analytics (category:tool,tabindex:-1)
2025-08-12 12:48:13,837 [INFO] PluginManage:310 - Check plugin cadmodel
2025-08-12 12:48:13,842 [INFO] CADModel:105 - Init CAD model plugin
2025-08-12 12:48:13,842 [INFO] PluginManage:359 - Loaded plugin cadmodel (category:power,tabindex:5)
2025-08-12 12:48:13,843 [INFO] PluginManage:310 - Check plugin clock
2025-08-12 12:48:13,850 [INFO] PluginManage:359 - Loaded plugin clock (category:base,tabindex:2)
2025-08-12 12:48:13,850 [INFO] PluginManage:310 - Check plugin ddr
2025-08-12 12:48:13,853 [INFO] PluginManage:359 - Loaded plugin ddr (category:tool,tabindex:6)
2025-08-12 12:48:13,853 [INFO] PluginManage:310 - Check plugin filemanager
2025-08-12 12:48:13,988 [INFO] PluginManage:359 - Loaded plugin filemanager (category:base,tabindex:10)
2025-08-12 12:48:13,988 [INFO] PluginManage:310 - Check plugin ipmanager
2025-08-12 12:48:13,994 [INFO] PluginManage:359 - Loaded plugin ipmanager (category:base,tabindex:5)
2025-08-12 12:48:13,994 [INFO] PluginManage:310 - Check plugin lpbam
2025-08-12 12:48:14,020 [INFO] PluginManage:359 - Loaded plugin lpbam (category:base,tabindex:0)
2025-08-12 12:48:14,020 [INFO] PluginManage:310 - Check plugin memorymap
2025-08-12 12:48:14,030 [INFO] PluginManage:359 - Loaded plugin memorymap (category:base,tabindex:4)
2025-08-12 12:48:14,030 [INFO] PluginManage:310 - Check plugin pinoutandconfiguration
2025-08-12 12:48:14,036 [INFO] PluginManage:359 - Loaded plugin pinoutandconfiguration (category:base,tabindex:1)
2025-08-12 12:48:14,037 [INFO] PluginManage:310 - Check plugin pinoutconfig
2025-08-12 12:48:14,127 [WARN] SupportedApi:132 - Cannot load RTOS API schema: s4s-elt-must-match.1: The content of 'definitions' must match (annotation?, (simpleType | complexType)?, (unique | key | keyref)*)). A problem was found starting at: attribute.
2025-08-12 12:48:14,226 [INFO] PluginManage:359 - Loaded plugin pinoutconfig (category:base,tabindex:0)
2025-08-12 12:48:14,226 [INFO] PluginManage:310 - Check plugin power
2025-08-12 12:48:14,236 [INFO] PluginManage:359 - Loaded plugin power (category:power,tabindex:4)
2025-08-12 12:48:14,237 [INFO] PluginManage:310 - Check plugin projectmanager
2025-08-12 12:48:14,250 [INFO] PluginManage:359 - Loaded plugin projectmanager (category:projectmanager,tabindex:4)
2025-08-12 12:48:14,250 [INFO] PluginManage:310 - Check plugin rif
2025-08-12 12:48:14,256 [INFO] PluginManage:359 - Loaded plugin rif (category:base,tabindex:3)
2025-08-12 12:48:14,256 [INFO] PluginManage:310 - Check plugin thirdparty
2025-08-12 12:48:14,361 [INFO] PluginManage:359 - Loaded plugin thirdparty (category:base,tabindex:-1)
2025-08-12 12:48:14,361 [INFO] PluginManage:310 - Check plugin tools
2025-08-12 12:48:14,361 [WARN] IntegrityCheckThread:84 - waiting for thirdparty lock release [integrity check]
2025-08-12 12:48:14,361 [INFO] IntegrityCheckThread:86 - entering critical section [integrity check]
2025-08-12 12:48:14,362 [INFO] ThirdPartyUpdaterWithRetryManager:70 - Updater plugin not ready yet. [1/15]
2025-08-12 12:48:14,363 [INFO] PluginManage:359 - Loaded plugin tools (category:base,tabindex:7)
2025-08-12 12:48:14,363 [INFO] PluginManage:310 - Check plugin tutovideos
2025-08-12 12:48:14,500 [INFO] PluginManage:359 - Loaded plugin tutovideos (category:base,tabindex:-1)
2025-08-12 12:48:14,500 [INFO] PluginManage:310 - Check plugin updater
2025-08-12 12:48:14,517 [INFO] PluginManage:359 - Loaded plugin updater (category:base,tabindex:12)
2025-08-12 12:48:14,517 [INFO] PluginManage:310 - Check plugin userauth
2025-08-12 12:48:14,520 [INFO] UserAuth:118 - Init User Auth plugin
2025-08-12 12:48:14,520 [INFO] PluginManage:359 - Loaded plugin userauth (category:base,tabindex:14)
2025-08-12 12:48:14,521 [INFO] PluginManage:283 - PluginManage : Loaded plugins [18]
2025-08-12 12:48:14,644 [INFO] PinOutPanel:1589 - setPackage(No Configuration,No Configuration)
2025-08-12 12:48:14,699 [INFO] CADModel:165 - CPN selected for project level
2025-08-12 12:48:14,699 [INFO] CADModel:114 - Register for checkConnection events
2025-08-12 12:48:14,707 [INFO] IPUIPlugin:80 - create IPUIPlugin
2025-08-12 12:48:14,707 [INFO] PluginManager:220 - loadIPPluginJar : add genericplugin
2025-08-12 12:48:14,712 [INFO] IPUIPlugin:80 - create IPUIPlugin
2025-08-12 12:48:14,712 [INFO] PluginManager:220 - loadIPPluginJar : add pdm2pcm
2025-08-12 12:48:14,715 [INFO] IPUIPlugin:80 - create IPUIPlugin
2025-08-12 12:48:14,715 [INFO] PluginManager:220 - loadIPPluginJar : add sai
2025-08-12 12:48:14,719 [INFO] IPUIPlugin:80 - create IPUIPlugin
2025-08-12 12:48:14,720 [INFO] PluginManager:220 - loadIPPluginJar : add gpio
2025-08-12 12:48:14,725 [INFO] IPUIPlugin:80 - create IPUIPlugin
2025-08-12 12:48:14,727 [INFO] PluginManager:220 - loadIPPluginJar : add plateformsettings
2025-08-12 12:48:14,729 [INFO] IPUIPlugin:80 - create IPUIPlugin
2025-08-12 12:48:14,730 [INFO] PluginManager:220 - loadIPPluginJar : add openamp
2025-08-12 12:48:14,731 [INFO] IPUIPlugin:80 - create IPUIPlugin
2025-08-12 12:48:14,731 [INFO] PluginManager:220 - loadIPPluginJar : add ts
2025-08-12 12:48:14,736 [INFO] IPUIPlugin:80 - create IPUIPlugin
2025-08-12 12:48:14,736 [INFO] PluginManager:220 - loadIPPluginJar : add dma
2025-08-12 12:48:14,738 [INFO] IPUIPlugin:80 - create IPUIPlugin
2025-08-12 12:48:14,738 [INFO] PluginManager:220 - loadIPPluginJar : add usbx
2025-08-12 12:48:14,740 [INFO] IPUIPlugin:80 - create IPUIPlugin
2025-08-12 12:48:14,740 [INFO] PluginManager:220 - loadIPPluginJar : add i2s
2025-08-12 12:48:14,742 [INFO] IPUIPlugin:80 - create IPUIPlugin
2025-08-12 12:48:14,742 [INFO] PluginManager:220 - loadIPPluginJar : add extmemmanager
2025-08-12 12:48:14,743 [INFO] IPUIPlugin:80 - create IPUIPlugin
2025-08-12 12:48:14,743 [INFO] PluginManager:220 - loadIPPluginJar : add fatfs
2025-08-12 12:48:14,748 [INFO] IPUIPlugin:80 - create IPUIPlugin
2025-08-12 12:48:14,748 [INFO] PluginManager:220 - loadIPPluginJar : add mdma
2025-08-12 12:48:14,749 [INFO] IPUIPlugin:80 - create IPUIPlugin
2025-08-12 12:48:14,749 [INFO] PluginManager:220 - loadIPPluginJar : add comp
2025-08-12 12:48:14,751 [INFO] IPUIPlugin:80 - create IPUIPlugin
2025-08-12 12:48:14,751 [INFO] PluginManager:220 - loadIPPluginJar : add tsc
2025-08-12 12:48:14,753 [INFO] IPUIPlugin:80 - create IPUIPlugin
2025-08-12 12:48:14,753 [INFO] PluginManager:220 - loadIPPluginJar : add aes
2025-08-12 12:48:14,754 [INFO] IPUIPlugin:80 - create IPUIPlugin
2025-08-12 12:48:14,754 [INFO] PluginManager:220 - loadIPPluginJar : add tim
2025-08-12 12:48:14,756 [INFO] IPUIPlugin:80 - create IPUIPlugin
2025-08-12 12:48:14,756 [INFO] PluginManager:220 - loadIPPluginJar : add cryp
2025-08-12 12:48:14,760 [INFO] IPUIPlugin:80 - create IPUIPlugin
2025-08-12 12:48:14,760 [INFO] PluginManager:220 - loadIPPluginJar : add linkedlist
2025-08-12 12:48:14,765 [INFO] IPUIPlugin:80 - create IPUIPlugin
2025-08-12 12:48:14,765 [INFO] PluginManager:220 - loadIPPluginJar : add resmgrutility
2025-08-12 12:48:14,766 [INFO] IPUIPlugin:80 - create IPUIPlugin
2025-08-12 12:48:14,767 [INFO] PluginManager:220 - loadIPPluginJar : add gfxmmu
2025-08-12 12:48:14,768 [INFO] IPUIPlugin:80 - create IPUIPlugin
2025-08-12 12:48:14,768 [INFO] PluginManager:220 - loadIPPluginJar : add i2c
2025-08-12 12:48:14,769 [INFO] IPUIPlugin:80 - create IPUIPlugin
2025-08-12 12:48:14,769 [INFO] PluginManager:220 - loadIPPluginJar : add ltdc
2025-08-12 12:48:14,771 [INFO] IPUIPlugin:80 - create IPUIPlugin
2025-08-12 12:48:14,771 [INFO] PluginManager:220 - loadIPPluginJar : add gtzc
2025-08-12 12:48:14,775 [INFO] IPUIPlugin:80 - create IPUIPlugin
2025-08-12 12:48:14,776 [INFO] PluginManager:220 - loadIPPluginJar : add stm32_wpan
2025-08-12 12:48:14,776 [INFO] IPUIPlugin:80 - create IPUIPlugin
2025-08-12 12:48:14,777 [INFO] PluginManager:220 - loadIPPluginJar : add quadspi
2025-08-12 12:48:14,779 [INFO] IPUIPlugin:80 - create IPUIPlugin
2025-08-12 12:48:14,779 [INFO] PluginManager:220 - loadIPPluginJar : add spi
2025-08-12 12:48:14,781 [INFO] IPUIPlugin:80 - create IPUIPlugin
2025-08-12 12:48:14,781 [INFO] PluginManager:220 - loadIPPluginJar : add touchsensing
2025-08-12 12:48:14,782 [INFO] IPUIPlugin:80 - create IPUIPlugin
2025-08-12 12:48:14,782 [INFO] PluginManager:220 - loadIPPluginJar : add hash
2025-08-12 12:48:14,784 [INFO] IPUIPlugin:80 - create IPUIPlugin
2025-08-12 12:48:14,784 [INFO] PluginManager:220 - loadIPPluginJar : add ipddr
2025-08-12 12:48:14,786 [INFO] IPUIPlugin:80 - create IPUIPlugin
2025-08-12 12:48:14,786 [INFO] PluginManager:220 - loadIPPluginJar : add ucpd
2025-08-12 12:48:14,789 [INFO] IPUIPlugin:80 - create IPUIPlugin
2025-08-12 12:48:14,790 [INFO] PluginManager:220 - loadIPPluginJar : add freertos
2025-08-12 12:48:14,791 [INFO] IPUIPlugin:80 - create IPUIPlugin
2025-08-12 12:48:14,791 [INFO] PluginManager:220 - loadIPPluginJar : add dfsdm
2025-08-12 12:48:14,796 [INFO] IPUIPlugin:80 - create IPUIPlugin
2025-08-12 12:48:14,796 [INFO] PluginManager:220 - loadIPPluginJar : add adc
2025-08-12 12:48:14,798 [INFO] IPUIPlugin:80 - create IPUIPlugin
2025-08-12 12:48:14,798 [INFO] PluginManager:220 - loadIPPluginJar : add ddr_ctrl_phy
2025-08-12 12:48:14,801 [INFO] IPUIPlugin:80 - create IPUIPlugin
2025-08-12 12:48:14,801 [INFO] PluginManager:220 - loadIPPluginJar : add gic
2025-08-12 12:48:14,803 [INFO] IPUIPlugin:80 - create IPUIPlugin
2025-08-12 12:48:14,803 [INFO] PluginManager:220 - loadIPPluginJar : add tracer_emb
2025-08-12 12:48:14,805 [INFO] IPUIPlugin:80 - create IPUIPlugin
2025-08-12 12:48:14,805 [INFO] PluginManager:220 - loadIPPluginJar : add opamp
2025-08-12 12:48:14,807 [INFO] IPUIPlugin:80 - create IPUIPlugin
2025-08-12 12:48:14,807 [INFO] PluginManager:220 - loadIPPluginJar : add i3c
2025-08-12 12:48:14,809 [INFO] IPUIPlugin:80 - create IPUIPlugin
2025-08-12 12:48:14,809 [INFO] PluginManager:220 - loadIPPluginJar : add lorawan
2025-08-12 12:48:14,812 [INFO] IPUIPlugin:80 - create IPUIPlugin
2025-08-12 12:48:14,812 [INFO] PluginManager:220 - loadIPPluginJar : add fmc
2025-08-12 12:48:14,815 [INFO] IPUIPlugin:80 - create IPUIPlugin
2025-08-12 12:48:14,815 [INFO] PluginManager:220 - loadIPPluginJar : add nvic
2025-08-12 12:48:14,817 [INFO] IPUIPlugin:80 - create IPUIPlugin
2025-08-12 12:48:14,817 [INFO] PluginManager:220 - loadIPPluginJar : add can
2025-08-12 12:48:14,819 [INFO] IPUIPlugin:80 - create IPUIPlugin
2025-08-12 12:48:14,819 [INFO] PluginManager:220 - loadIPPluginJar : add dma3
2025-08-12 12:48:14,820 [INFO] IPUIPlugin:80 - create IPUIPlugin
2025-08-12 12:48:14,821 [INFO] PluginManager:220 - loadIPPluginJar : add radio
2025-08-12 12:48:14,823 [INFO] IPUIPlugin:80 - create IPUIPlugin
2025-08-12 12:48:14,823 [INFO] PluginManager:220 - loadIPPluginJar : add usart
2025-08-12 12:48:14,918 [FATAL] Updater:351 - Updater called before beeing initialized
2025-08-12 12:48:14,973 [INFO] RulesReader:64 - Compatibility file has been processed (302 Rules)
2025-08-12 12:48:14,989 [INFO] RulesReader:64 - Compatibility file has been processed (302 Rules)
2025-08-12 12:48:14,995 [INFO] CADModel:165 - CPN selected for project level
2025-08-12 12:48:14,995 [INFO] CADModel:114 - Register for checkConnection events
2025-08-12 12:48:14,995 [FATAL] Updater:351 - Updater called before beeing initialized
2025-08-12 12:48:14,995 [ERROR] CADModel:125 - Updater not yet initialized, retry later 
2025-08-12 12:48:15,077 [FATAL] Updater:351 - Updater called before beeing initialized
2025-08-12 12:48:15,078 [INFO] CADModel:165 - CPN selected for project level
2025-08-12 12:48:15,078 [INFO] CADModel:114 - Register for checkConnection events
2025-08-12 12:48:15,078 [FATAL] Updater:351 - Updater called before beeing initialized
2025-08-12 12:48:15,078 [ERROR] CADModel:125 - Updater not yet initialized, retry later 
2025-08-12 12:48:15,080 [FATAL] Updater:351 - Updater called before beeing initialized
2025-08-12 12:48:15,148 [FATAL] Updater:351 - Updater called before beeing initialized
2025-08-12 12:48:15,151 [INFO] DbMcusAds:53 - JSON generation date=Tue Jul 08 13:44:23 IST 2025 (1751962463562)
2025-08-12 12:48:15,151 [FATAL] Updater:351 - Updater called before beeing initialized
2025-08-12 12:48:15,178 [WARN] DetailPanel:346 - Failed to get advertising image, set to default
2025-08-12 12:48:15,367 [FATAL] Updater:351 - Updater called before beeing initialized
2025-08-12 12:48:15,369 [FATAL] Updater:351 - Updater called before beeing initialized
2025-08-12 12:48:15,369 [FATAL] Updater:351 - Updater called before beeing initialized
2025-08-12 12:48:15,369 [WARN] DetailPanel:346 - Failed to get advertising image, set to default
2025-08-12 12:48:15,369 [FATAL] Updater:351 - Updater called before beeing initialized
2025-08-12 12:48:15,390 [ERROR] Updater:1198 - MainUpdater not yet initialized. External WinMGr cannot be set.
2025-08-12 12:48:15,391 [INFO] Updater:1134 - Updater Version found : 6.14.1
2025-08-12 12:48:15,405 [INFO] ApplicationProperties:184 - Using Application install path: /opt/st/stm32cubeide_1.18.0/../../../home/hp15s-pc/.eclipse/com.st.stm32cube.ide.mcu.rcp.product_1.18.0_139067096_linux_gtk_x86_64/plugins/com.st.stm32cube.common.mx_6.14.1.202504091515
2025-08-12 12:48:17,362 [INFO] ThirdPartyUpdaterWithRetryManager:70 - Updater plugin not ready yet. [2/15]
2025-08-12 12:48:18,446 [INFO] MainUpdater:2872 - connection check result : 10
2025-08-12 12:48:18,447 [INFO] MainUpdater:3566 - Updater definition file requires update
2025-08-12 12:48:18,447 [INFO] MainUpdater:289 - Updater Check For Update Now.
2025-08-12 12:48:18,447 [INFO] MicroXplorer:498 - Change Database Version : DB.6.0.141
2025-08-12 12:48:18,458 [INFO] McuFinderGlobals:63 - Set McuFinder mode to 2 (CubeIDE integrated)
2025-08-12 12:48:18,458 [INFO] UserAuth:171 - activating auth plugin
2025-08-12 12:48:18,461 [INFO] UserAuth:484 - Internet connection configuration mode: 1
2025-08-12 12:48:18,473 [INFO] JxBrowserEngine:152 - Initiate JxBrowser Engine with user profile folder
2025-08-12 12:48:19,039 [INFO] WebApp:169 - Instantiating new browser for Auth
2025-08-12 12:48:19,222 [INFO] ServerAccessManage:473 - Download File updaters.zip
2025-08-12 12:48:19,540 [INFO] WebApp:463 - Apply proxy settings
2025-08-12 12:48:19,541 [INFO] WebApp:548 - Chromium requires no authentication
2025-08-12 12:48:19,546 [INFO] WebApp:491 - Direct internet connection detected
2025-08-12 12:48:19,558 [INFO] WebApp:894 - Register for checkConnection events
2025-08-12 12:48:19,559 [INFO] WebApp:463 - Apply proxy settings
2025-08-12 12:48:19,559 [INFO] WebApp:548 - Chromium requires no authentication
2025-08-12 12:48:19,559 [INFO] WebApp:491 - Direct internet connection detected
2025-08-12 12:48:19,632 [INFO] FileExtend:242 - Unzip File : updaters.zip
2025-08-12 12:48:19,632 [INFO] FileExtend:257 - Standard Zip Deflate
2025-08-12 12:48:19,726 [INFO] WebApp:225 - Starting web application
2025-08-12 12:48:19,727 [INFO] WebApp:593 - Web application path used /opt/st/stm32cubeide_1.18.0/../../../home/hp15s-pc/.eclipse/com.st.stm32cube.ide.mcu.rcp.product_1.18.0_139067096_linux_gtk_x86_64/plugins/com.st.stm32cube.common.mx_6.14.1.202504091515/db/plugins/mcufinder/reactClient1/index.html
2025-08-12 12:48:20,051 [INFO] ServerAccessManage:473 - Download File PacksControlFlags.xml
2025-08-12 12:48:20,139 [INFO] WebApp:191 - Connection restablished
2025-08-12 12:48:20,363 [WARN] MainUpdater:1193 - Updater busy. Cannot search thirdparties
2025-08-12 12:48:20,363 [INFO] ThirdPartyUpdaterWithRetryManager:96 - Updater plugin is busy. [1/15]
2025-08-12 12:48:22,049 [ERROR] ConfigurationRetriever:142 - IOException on connection: Connect timed out
2025-08-12 12:48:22,524 [INFO] ServerAccessManage:473 - Download File cubemx.pidx
2025-08-12 12:48:22,614 [INFO] LoadServerUpdatesThread:375 - End of LoadServerUpdate Thread
2025-08-12 12:48:22,751 [INFO] CheckServerUpdateThread:120 - End of CheckServer Thread
2025-08-12 12:48:23,460 [WARN] PackLoader:240 - Cannot read IP mode file for STMicroelectronics.FP-SNS-MOTENVWB1.1.4.0
2025-08-12 12:48:23,469 [WARN] PackLoader:240 - Cannot read IP mode file for STMicroelectronics.X-CUBE-SMBUS.2.1.0
2025-08-12 12:48:23,475 [WARN] PackLoader:240 - Cannot read IP mode file for STMicroelectronics.X-CUBE-WB05N.1.1.0
2025-08-12 12:48:23,480 [WARN] PackLoader:240 - Cannot read IP mode file for STMicroelectronics.X-CUBE-ST60.1.0.0
2025-08-12 12:48:23,507 [WARN] PackLoader:240 - Cannot read IP mode file for STMicroelectronics.X-CUBE-AZRTOS-F7.1.1.0
2025-08-12 12:48:23,535 [WARN] PackLoader:240 - Cannot read IP mode file for Infineon.AIROC-Wi-Fi-Bluetooth-STM32.1.7.0
2025-08-12 12:48:23,563 [WARN] PackLoader:240 - Cannot read IP mode file for STMicroelectronics.X-CUBE-AZRTOS-H7.3.4.0
2025-08-12 12:48:23,570 [WARN] PackLoader:240 - Cannot read IP mode file for STMicroelectronics.X-CUBE-DISPLAY.3.0.0
2025-08-12 12:48:23,578 [WARN] PackLoader:240 - Cannot read IP mode file for STMicroelectronics.X-CUBE-NFC10.1.0.0
2025-08-12 12:48:23,585 [WARN] PackLoader:240 - Cannot read IP mode file for STMicroelectronics.X-CUBE-BLEMGR.4.0.0
2025-08-12 12:48:23,590 [WARN] PackLoader:240 - Cannot read IP mode file for emotas.I-CUBE-CANOPEN.1.3.0
2025-08-12 12:48:23,592 [WARN] ConditionMgr:438 - getConditionDescription Invalid condition id : Cortex-A Device cause : null
2025-08-12 12:48:23,596 [WARN] ConditionMgr:1044 - genDependencies : Invalid condition id : Cortex-A Device cause : null
2025-08-12 12:48:23,596 [WARN] ConditionMgr:1044 - genDependencies : Invalid condition id : Cortex-A Device cause : null
2025-08-12 12:48:23,596 [WARN] ConditionMgr:1044 - genDependencies : Invalid condition id : Cortex-A Device cause : null
2025-08-12 12:48:23,598 [WARN] PackLoader:240 - Cannot read IP mode file for STMicroelectronics.X-CUBE-AI.10.0.0
2025-08-12 12:48:23,600 [ERROR] Engine:466 - /home/hp15s-pc/.stm32cubemx/thirdparties/pdsc/STMicroelectronics.FP-SNS-STBOX1.2.1.0.pdsc: PDSC version is not supported
2025-08-12 12:48:23,602 [WARN] PackLoader:240 - Cannot read IP mode file for STMicroelectronics.FP-SNS-SMARTAG2.1.2.0
2025-08-12 12:48:23,630 [WARN] PackLoader:240 - Cannot read IP mode file for STMicroelectronics.X-CUBE-MEMS1.11.1.0
2025-08-12 12:48:23,725 [INFO] LogOutputStream:77 - [STDOUT_REDIRECT] 1 : Invalid condition id : UX_CORESTACK_Condition cause : null
2025-08-12 12:48:23,726 [INFO] LogOutputStream:77 - [STDOUT_REDIRECT] 1 : Invalid condition id : UX_CORESTACK_Condition cause : null
2025-08-12 12:48:23,726 [INFO] LogOutputStream:77 - [STDOUT_REDIRECT] 1 : Invalid condition id : UX_CORESTACK_Condition cause : null
2025-08-12 12:48:23,726 [INFO] LogOutputStream:77 - [STDOUT_REDIRECT] 1 : Invalid condition id : UX_CORESTACK_Condition cause : null
2025-08-12 12:48:23,726 [INFO] LogOutputStream:77 - [STDOUT_REDIRECT] 1 : Invalid condition id : UX_CORESTACK_Condition cause : null
2025-08-12 12:48:23,728 [WARN] PackLoader:240 - Cannot read IP mode file for STMicroelectronics.X-CUBE-AZRTOS-WL.2.0.0
2025-08-12 12:48:23,731 [WARN] PackLoader:240 - Cannot read IP mode file for STMicroelectronics.FP-SNS-MOTENV1.5.0.0
2025-08-12 12:48:23,735 [WARN] PackLoader:240 - Cannot read IP mode file for WES.I-CUBE-Cesium.1.3.0
2025-08-12 12:48:23,737 [WARN] PackLoader:240 - Cannot read IP mode file for STMicroelectronics.X-CUBE-BLE2.3.3.0
2025-08-12 12:48:23,742 [WARN] PackLoader:240 - Cannot read IP mode file for STMicroelectronics.X-CUBE-NFC9.1.0.0
2025-08-12 12:48:23,745 [WARN] PackLoader:240 - Cannot read IP mode file for wolfSSL.I-CUBE-wolfMQTT.1.19.2
2025-08-12 12:48:23,748 [WARN] PackLoader:240 - Cannot read IP mode file for STMicroelectronics.X-CUBE-EEPRMA1.5.2.0
2025-08-12 12:48:23,751 [WARN] PackLoader:240 - Cannot read IP mode file for STMicroelectronics.X-CUBE-AI.10.1.0
2025-08-12 12:48:23,788 [WARN] PackLoader:240 - Cannot read IP mode file for STMicroelectronics.X-CUBE-MEMS1.11.2.0
2025-08-12 12:48:23,891 [WARN] PackLoader:240 - Cannot read IP mode file for STMicroelectronics.X-CUBE-AZRTOS-G0.1.1.0
2025-08-12 12:48:23,896 [WARN] PackLoader:240 - Cannot read IP mode file for STMicroelectronics.X-CUBE-SAFEA1.1.2.2
2025-08-12 12:48:23,899 [WARN] PackLoader:240 - Cannot read IP mode file for STMicroelectronics.X-CUBE-NFC4.3.0.0
2025-08-12 12:48:23,904 [WARN] PackLoader:240 - Cannot read IP mode file for EmbeddedOffice.I-CUBE-FS-RTOS.1.0.1
2025-08-12 12:48:23,909 [WARN] PackLoader:240 - Cannot read IP mode file for STMicroelectronics.X-CUBE-WB05N.2.0.0
2025-08-12 12:48:23,911 [WARN] PackLoader:240 - Cannot read IP mode file for wolfSSL.I-CUBE-wolfTPM.3.8.0
2025-08-12 12:48:23,914 [WARN] PackLoader:240 - Cannot read IP mode file for STMicroelectronics.X-CUBE-TCPP.4.2.0
2025-08-12 12:48:23,917 [WARN] PackLoader:240 - Cannot read IP mode file for RealThread.X-CUBE-RT-Thread_Nano.4.1.1
2025-08-12 12:48:23,919 [WARN] PackLoader:240 - Cannot read IP mode file for STMicroelectronics.FP-ATR-SIGFOX1.3.2.0
2025-08-12 12:48:23,922 [WARN] PackLoader:240 - Cannot read IP mode file for STMicroelectronics.X-CUBE-EEPRMA1.5.1.0
2025-08-12 12:48:23,926 [WARN] PackLoader:240 - Cannot read IP mode file for wolfSSL.I-CUBE-wolfSSL.5.7.6
2025-08-12 12:48:23,929 [WARN] PackLoader:240 - Cannot read IP mode file for ITTIA_DB.I-CUBE-ITTIADB.8.9.0
2025-08-12 12:48:23,932 [WARN] PackLoader:240 - Cannot read IP mode file for STMicroelectronics.X-CUBE-ST67W61.1.0.0
2025-08-12 12:48:23,934 [WARN] PackLoader:240 - Cannot read IP mode file for STMicroelectronics.X-CUBE-AI.10.2.0
2025-08-12 12:48:23,951 [WARN] PackLoader:240 - Cannot read IP mode file for SEGGER.I-CUBE-embOS.1.3.1
2025-08-12 12:48:23,980 [WARN] PackLoader:240 - Cannot read IP mode file for STMicroelectronics.X-CUBE-ALGOBUILD.1.4.0
2025-08-12 12:48:24,007 [WARN] PackLoader:240 - Cannot read IP mode file for STMicroelectronics.X-CUBE-MEMS1.11.3.0
2025-08-12 12:48:24,118 [WARN] PackLoader:240 - Cannot read IP mode file for STMicroelectronics.X-CUBE-PM33A1.1.0.0
2025-08-12 12:48:24,127 [WARN] PackLoader:240 - Cannot read IP mode file for STMicroelectronics.X-CUBE-AZRTOS-F4.1.1.0
2025-08-12 12:48:24,130 [WARN] PackLoader:240 - Cannot read IP mode file for Avnet-IotConnect.X-CUBE-IoTC-DA16k-PMOD.1.0.0
2025-08-12 12:48:24,132 [WARN] PackLoader:240 - Cannot read IP mode file for STMicroelectronics.X-CUBE-ISPU.2.1.0
2025-08-12 12:48:24,136 [WARN] PackLoader:240 - Cannot read IP mode file for STMicroelectronics.X-CUBE-NFC12.1.0.0
2025-08-12 12:48:24,147 [WARN] PackLoader:240 - Cannot read IP mode file for STMicroelectronics.X-CUBE-AZRTOS-L5.2.0.0
2025-08-12 12:48:24,153 [WARN] PackLoader:240 - Cannot read IP mode file for STMicroelectronics.X-CUBE-NFC6.3.1.0
2025-08-12 12:48:24,159 [WARN] PackLoader:240 - Cannot read IP mode file for STMicroelectronics.X-CUBE-DPower.1.2.0
2025-08-12 12:48:24,164 [WARN] PackLoader:240 - Cannot read IP mode file for STMicroelectronics.X-CUBE-FREERTOS.1.3.1
2025-08-12 12:48:24,168 [WARN] PackLoader:240 - Cannot read IP mode file for STMicroelectronics.X-CUBE-FREERTOS.1.3.0
2025-08-12 12:48:24,172 [WARN] PackLoader:240 - Cannot read IP mode file for STMicroelectronics.X-CUBE-NFC7.1.0.1
2025-08-12 12:48:24,177 [WARN] PackLoader:240 - Cannot read IP mode file for STMicroelectronics.FP-SNS-STAIOTCFT.1.0.0
2025-08-12 12:48:24,180 [WARN] PackLoader:240 - Cannot read IP mode file for STMicroelectronics.X-CUBE-DPower.1.3.0
2025-08-12 12:48:24,191 [WARN] ConditionMgr:438 - getConditionDescription Invalid condition id : LAN8742 Phy interface Condition cause : null
2025-08-12 12:48:24,192 [WARN] PackLoader:240 - Cannot read IP mode file for STMicroelectronics.X-CUBE-AZRTOS-L4.2.0.0
2025-08-12 12:48:24,193 [WARN] ConditionMgr:1044 - genDependencies : Invalid condition id : LAN8742 Phy interface Condition cause : null
2025-08-12 12:48:24,193 [WARN] ConditionMgr:1044 - genDependencies : Invalid condition id : LAN8742 Phy interface Condition cause : null
2025-08-12 12:48:24,194 [WARN] ConditionMgr:1044 - genDependencies : Invalid condition id : LAN8742 Phy interface Condition cause : null
2025-08-12 12:48:24,198 [WARN] PackLoader:240 - Cannot read IP mode file for STMicroelectronics.X-CUBE-SFXS2LP1.4.0.0
2025-08-12 12:48:24,211 [WARN] PackLoader:240 - Cannot read IP mode file for STMicroelectronics.X-CUBE-AZRTOS-H7.3.3.0
2025-08-12 12:48:24,219 [WARN] PackLoader:240 - Cannot read IP mode file for STMicroelectronics.X-CUBE-BLEMGR.4.1.0
2025-08-12 12:48:24,229 [WARN] ConditionMgr:438 - getConditionDescription Invalid condition id : UX DEVICE CLASS RTOS Condition cause : null
2025-08-12 12:48:24,229 [WARN] ConditionMgr:438 - getConditionDescription Invalid condition id : UX DEVICE CLASS RTOS Condition cause : null
2025-08-12 12:48:24,231 [WARN] PackLoader:240 - Cannot read IP mode file for STMicroelectronics.X-CUBE-AZRTOS-WB.2.0.0
2025-08-12 12:48:24,231 [WARN] ConditionMgr:1044 - genDependencies : Invalid condition id : UX DEVICE CLASS RTOS Condition cause : null
2025-08-12 12:48:24,231 [WARN] ConditionMgr:1044 - genDependencies : Invalid condition id : UX DEVICE CLASS RTOS Condition cause : null
2025-08-12 12:48:24,231 [WARN] ConditionMgr:1044 - genDependencies : Invalid condition id : UX DEVICE CLASS RTOS Condition cause : null
2025-08-12 12:48:24,232 [WARN] ConditionMgr:1044 - genDependencies : Invalid condition id : UX DEVICE CLASS RTOS Condition cause : null
2025-08-12 12:48:24,232 [WARN] ConditionMgr:1044 - genDependencies : Invalid condition id : UX DEVICE CLASS RTOS Condition cause : null
2025-08-12 12:48:24,236 [WARN] PackLoader:240 - Cannot read IP mode file for STMicroelectronics.X-CUBE-GNSS1.7.0.1
2025-08-12 12:48:24,240 [WARN] PackLoader:240 - Cannot read IP mode file for STMicroelectronics.FP-SNS-STBOX1.2.0.0
2025-08-12 12:48:24,247 [WARN] PackLoader:240 - Cannot read IP mode file for STMicroelectronics.X-CUBE-SUBG2.5.0.0
2025-08-12 12:48:24,251 [WARN] PackLoader:240 - Cannot read IP mode file for Cesanta.I-CUBE-Mongoose.7.13.0
2025-08-12 12:48:24,261 [WARN] PackLoader:240 - Cannot read IP mode file for STMicroelectronics.X-CUBE-AZRTOS-G4.2.0.0
2025-08-12 12:48:24,264 [WARN] PackLoader:240 - Cannot read IP mode file for wolfSSL.I-CUBE-wolfSSH.1.4.20
2025-08-12 12:48:24,266 [WARN] PackLoader:240 - Cannot read IP mode file for STMicroelectronics.X-CUBE-NFC7.2.0.0
2025-08-12 12:48:24,275 [WARN] PackLoader:240 - Cannot read IP mode file for STMicroelectronics.X-CUBE-IPS.3.1.0
2025-08-12 12:48:24,281 [WARN] PackLoader:240 - Cannot read IP mode file for STMicroelectronics.X-CUBE-ALS.1.0.2
2025-08-12 12:48:24,284 [WARN] PackLoader:240 - Cannot read IP mode file for portGmbH.I-Cube-SoM-uGOAL.1.1.0
2025-08-12 12:48:24,290 [WARN] PackLoader:240 - Cannot read IP mode file for STMicroelectronics.X-CUBE-TOF1.3.4.2
2025-08-12 12:48:24,302 [WARN] PackLoader:240 - Cannot read IP mode file for STMicroelectronics.X-CUBE-TOF1.3.4.3
2025-08-12 12:48:24,310 [INFO] ThirdParty:978 - Integrity check success = true
2025-08-12 12:48:24,310 [INFO] IntegrityCheckThread:100 - exiting critical section [integrity check]
2025-08-12 12:48:24,310 [INFO] IntegrityCheckThread:103 - End integrity checks thread
2025-08-12 12:50:10,131 [ERROR] ConfigurationRetriever:142 - IOException on connection: Read timed out
2025-08-12 12:50:12,605 [ERROR] ConfigurationRetriever:142 - IOException on connection: Read timed out
2025-08-12 12:50:14,609 [ERROR] ConfigurationRetriever:142 - IOException on connection: Connect timed out
2025-08-12 12:50:35,415 [INFO] Activator:176 - 


2025-08-12 12:50:35,417 [INFO] Activator:177 - !SESSION log4j initialized
2025-08-12 12:50:38,577 [INFO] LogOutputStream:77 - [STDOUT_REDIRECT] 
2025-08-12 12:50:39,887 [INFO] ApplicationProperties:184 - Using Application install path: /opt/st/stm32cubeide_1.18.0/../../../home/hp15s-pc/.eclipse/com.st.stm32cube.ide.mcu.rcp.product_1.18.0_139067096_linux_gtk_x86_64/plugins/com.st.stm32cube.common.mx_6.14.1.202504091515
2025-08-12 12:50:39,903 [INFO] DbMcusXml:78 - Set database path to: /opt/st/stm32cubeide_1.18.0/../../../home/hp15s-pc/.eclipse/com.st.stm32cube.ide.mcu.rcp.product_1.18.0_139067096_linux_gtk_x86_64/plugins/com.st.stm32cube.common.mx_6.14.1.202504091515//db//mcu/
2025-08-12 12:50:39,903 [INFO] ApiDb:274 - Set plugin database path to: /opt/st/stm32cubeide_1.18.0/../../../home/hp15s-pc/.eclipse/com.st.stm32cube.ide.mcu.rcp.product_1.18.0_139067096_linux_gtk_x86_64/plugins/com.st.stm32cube.common.mx_6.14.1.202504091515//db//plugins/boardmanager/
2025-08-12 12:50:39,903 [WARN] ApiDb:259 - Overriding images path with different value:  => /opt/st/stm32cubeide_1.18.0/../../../home/hp15s-pc/.eclipse/com.st.stm32cube.ide.mcu.rcp.product_1.18.0_139067096_linux_gtk_x86_64/plugins/com.st.stm32cube.common.mx_6.14.1.202504091515//db//plugins/mcufinder/images/
2025-08-12 12:50:39,907 [INFO] ApiDb:250 - Set database path to: /home/hp15s-pc/.stmcufinder/plugins/mcufinder//mcu/
2025-08-12 12:50:39,908 [INFO] DbMcusAds:125 - Set database path to: /home/hp15s-pc/.stmcufinder/plugins/mcufinder//mcu/
2025-08-12 12:50:39,910 [INFO] CrossReferenceDbSqlite:203 - Set database path to: /home/hp15s-pc/.stmcufinder/plugins/mcufinder//mcu/cs/
2025-08-12 12:50:40,015 [INFO] RulesReader:64 - Compatibility file has been processed (302 Rules)
2025-08-12 12:50:40,056 [INFO] DbMcusXml:78 - Set database path to: /opt/st/stm32cubeide_1.18.0/../../../home/hp15s-pc/.eclipse/com.st.stm32cube.ide.mcu.rcp.product_1.18.0_139067096_linux_gtk_x86_64/plugins/com.st.stm32cube.common.mx_6.14.1.202504091515//db//mcu/
2025-08-12 12:50:40,056 [INFO] ApiDb:274 - Set plugin database path to: /opt/st/stm32cubeide_1.18.0/../../../home/hp15s-pc/.eclipse/com.st.stm32cube.ide.mcu.rcp.product_1.18.0_139067096_linux_gtk_x86_64/plugins/com.st.stm32cube.common.mx_6.14.1.202504091515//db//plugins/boardmanager/
2025-08-12 12:50:40,056 [INFO] ApiDb:261 - Set plugin images path to: /opt/st/stm32cubeide_1.18.0/../../../home/hp15s-pc/.eclipse/com.st.stm32cube.ide.mcu.rcp.product_1.18.0_139067096_linux_gtk_x86_64/plugins/com.st.stm32cube.common.mx_6.14.1.202504091515//db//plugins/mcufinder/images/
2025-08-12 12:50:40,056 [WARN] DbFile:41 - Overriding database path with different value: /home/hp15s-pc/.stmcufinder/plugins/mcufinder/ => /home/hp15s-pc/.stmcufinder/plugins/mcufinder
2025-08-12 12:50:40,056 [INFO] ApiDb:250 - Set database path to: /home/hp15s-pc/.stmcufinder/plugins/mcufinder//mcu/
2025-08-12 12:50:40,056 [WARN] DbFile:41 - Overriding database path with different value: /home/hp15s-pc/.stmcufinder/plugins/mcufinder/ => /home/hp15s-pc/.stmcufinder/plugins/mcufinder
2025-08-12 12:50:40,056 [INFO] DbMcusAds:125 - Set database path to: /home/hp15s-pc/.stmcufinder/plugins/mcufinder//mcu/
2025-08-12 12:50:40,056 [WARN] DbFile:41 - Overriding database path with different value: /home/hp15s-pc/.stmcufinder/plugins/mcufinder/ => /home/hp15s-pc/.stmcufinder/plugins/mcufinder
2025-08-12 12:50:40,056 [WARN] DbFile:41 - Overriding database path with different value: /home/hp15s-pc/.stmcufinder/plugins/mcufinder/ => /home/hp15s-pc/.stmcufinder/plugins/mcufinder
2025-08-12 12:50:40,056 [INFO] CrossReferenceDbSqlite:203 - Set database path to: /home/hp15s-pc/.stmcufinder/plugins/mcufinder//mcu/cs/
2025-08-12 12:50:40,102 [INFO] MainPanel:272 - HeapMemory: 268435456
2025-08-12 12:50:40,175 [INFO] DbMcusXml:78 - Set database path to: /opt/st/stm32cubeide_1.18.0/../../../home/hp15s-pc/.eclipse/com.st.stm32cube.ide.mcu.rcp.product_1.18.0_139067096_linux_gtk_x86_64/plugins/com.st.stm32cube.common.mx_6.14.1.202504091515//db//mcu/
2025-08-12 12:50:40,175 [INFO] ApiDb:274 - Set plugin database path to: /opt/st/stm32cubeide_1.18.0/../../../home/hp15s-pc/.eclipse/com.st.stm32cube.ide.mcu.rcp.product_1.18.0_139067096_linux_gtk_x86_64/plugins/com.st.stm32cube.common.mx_6.14.1.202504091515//db//plugins/boardmanager/
2025-08-12 12:50:40,175 [INFO] ApiDb:261 - Set plugin images path to: /opt/st/stm32cubeide_1.18.0/../../../home/hp15s-pc/.eclipse/com.st.stm32cube.ide.mcu.rcp.product_1.18.0_139067096_linux_gtk_x86_64/plugins/com.st.stm32cube.common.mx_6.14.1.202504091515//db//plugins/mcufinder/images/
2025-08-12 12:50:40,175 [WARN] DbFile:41 - Overriding database path with different value: /home/hp15s-pc/.stmcufinder/plugins/mcufinder/ => /home/hp15s-pc/.stmcufinder/plugins/mcufinder
2025-08-12 12:50:40,175 [INFO] ApiDb:250 - Set database path to: /home/hp15s-pc/.stmcufinder/plugins/mcufinder//mcu/
2025-08-12 12:50:40,175 [WARN] DbFile:41 - Overriding database path with different value: /home/hp15s-pc/.stmcufinder/plugins/mcufinder/ => /home/hp15s-pc/.stmcufinder/plugins/mcufinder
2025-08-12 12:50:40,175 [INFO] DbMcusAds:125 - Set database path to: /home/hp15s-pc/.stmcufinder/plugins/mcufinder//mcu/
2025-08-12 12:50:40,175 [WARN] DbFile:41 - Overriding database path with different value: /home/hp15s-pc/.stmcufinder/plugins/mcufinder/ => /home/hp15s-pc/.stmcufinder/plugins/mcufinder
2025-08-12 12:50:40,176 [WARN] DbFile:41 - Overriding database path with different value: /home/hp15s-pc/.stmcufinder/plugins/mcufinder/ => /home/hp15s-pc/.stmcufinder/plugins/mcufinder
2025-08-12 12:50:40,176 [INFO] CrossReferenceDbSqlite:203 - Set database path to: /home/hp15s-pc/.stmcufinder/plugins/mcufinder//mcu/cs/
2025-08-12 12:50:40,187 [INFO] ApplicationProperties:184 - Using Application install path: /opt/st/stm32cubeide_1.18.0/../../../home/hp15s-pc/.eclipse/com.st.stm32cube.ide.mcu.rcp.product_1.18.0_139067096_linux_gtk_x86_64/plugins/com.st.stm32cube.common.mx_6.14.1.202504091515
2025-08-12 12:50:40,188 [INFO] PluginManage:196 - Search for loadable plugins [exclusion list=, ]
2025-08-12 12:50:40,188 [INFO] PluginManage:310 - Check plugin analytics
2025-08-12 12:50:40,336 [INFO] AnalyticsPlugin:253 - Accepted Software Licenses: 
2025-08-12 12:50:40,336 [INFO] AnalyticsPlugin:255 - Accepted CMSIS Pack Licenses: 
2025-08-12 12:50:40,336 [INFO] AnalyticsPlugin:257 - Accepted Firmware Licenses: FW.F4.1.28.0
2025-08-12 12:50:40,339 [INFO] PluginManage:359 - Loaded plugin analytics (category:tool,tabindex:-1)
2025-08-12 12:50:40,339 [INFO] PluginManage:310 - Check plugin cadmodel
2025-08-12 12:50:40,343 [INFO] CADModel:105 - Init CAD model plugin
2025-08-12 12:50:40,343 [INFO] PluginManage:359 - Loaded plugin cadmodel (category:power,tabindex:5)
2025-08-12 12:50:40,343 [INFO] PluginManage:310 - Check plugin clock
2025-08-12 12:50:40,351 [INFO] PluginManage:359 - Loaded plugin clock (category:base,tabindex:2)
2025-08-12 12:50:40,351 [INFO] PluginManage:310 - Check plugin ddr
2025-08-12 12:50:40,353 [INFO] PluginManage:359 - Loaded plugin ddr (category:tool,tabindex:6)
2025-08-12 12:50:40,353 [INFO] PluginManage:310 - Check plugin filemanager
2025-08-12 12:50:40,461 [INFO] PluginManage:359 - Loaded plugin filemanager (category:base,tabindex:10)
2025-08-12 12:50:40,461 [INFO] PluginManage:310 - Check plugin ipmanager
2025-08-12 12:50:40,464 [INFO] PluginManage:359 - Loaded plugin ipmanager (category:base,tabindex:5)
2025-08-12 12:50:40,465 [INFO] PluginManage:310 - Check plugin lpbam
2025-08-12 12:50:40,470 [INFO] PluginManage:359 - Loaded plugin lpbam (category:base,tabindex:0)
2025-08-12 12:50:40,470 [INFO] PluginManage:310 - Check plugin memorymap
2025-08-12 12:50:40,477 [INFO] PluginManage:359 - Loaded plugin memorymap (category:base,tabindex:4)
2025-08-12 12:50:40,477 [INFO] PluginManage:310 - Check plugin pinoutandconfiguration
2025-08-12 12:50:40,482 [INFO] PluginManage:359 - Loaded plugin pinoutandconfiguration (category:base,tabindex:1)
2025-08-12 12:50:40,482 [INFO] PluginManage:310 - Check plugin pinoutconfig
2025-08-12 12:50:40,581 [WARN] SupportedApi:132 - Cannot load RTOS API schema: s4s-elt-must-match.1: The content of 'definitions' must match (annotation?, (simpleType | complexType)?, (unique | key | keyref)*)). A problem was found starting at: attribute.
2025-08-12 12:50:40,700 [INFO] PluginManage:359 - Loaded plugin pinoutconfig (category:base,tabindex:0)
2025-08-12 12:50:40,700 [INFO] PluginManage:310 - Check plugin power
2025-08-12 12:50:40,706 [INFO] PluginManage:359 - Loaded plugin power (category:power,tabindex:4)
2025-08-12 12:50:40,706 [INFO] PluginManage:310 - Check plugin projectmanager
2025-08-12 12:50:40,716 [INFO] PluginManage:359 - Loaded plugin projectmanager (category:projectmanager,tabindex:4)
2025-08-12 12:50:40,717 [INFO] PluginManage:310 - Check plugin rif
2025-08-12 12:50:40,720 [INFO] PluginManage:359 - Loaded plugin rif (category:base,tabindex:3)
2025-08-12 12:50:40,720 [INFO] PluginManage:310 - Check plugin thirdparty
2025-08-12 12:50:40,804 [INFO] PluginManage:359 - Loaded plugin thirdparty (category:base,tabindex:-1)
2025-08-12 12:50:40,804 [WARN] IntegrityCheckThread:84 - waiting for thirdparty lock release [integrity check]
2025-08-12 12:50:40,804 [INFO] PluginManage:310 - Check plugin tools
2025-08-12 12:50:40,804 [INFO] IntegrityCheckThread:86 - entering critical section [integrity check]
2025-08-12 12:50:40,805 [INFO] ThirdPartyUpdaterWithRetryManager:70 - Updater plugin not ready yet. [1/15]
2025-08-12 12:50:40,806 [INFO] PluginManage:359 - Loaded plugin tools (category:base,tabindex:7)
2025-08-12 12:50:40,806 [INFO] PluginManage:310 - Check plugin tutovideos
2025-08-12 12:50:40,897 [INFO] PluginManage:359 - Loaded plugin tutovideos (category:base,tabindex:-1)
2025-08-12 12:50:40,898 [INFO] PluginManage:310 - Check plugin updater
2025-08-12 12:50:40,914 [INFO] PluginManage:359 - Loaded plugin updater (category:base,tabindex:12)
2025-08-12 12:50:40,914 [INFO] PluginManage:310 - Check plugin userauth
2025-08-12 12:50:40,917 [INFO] UserAuth:118 - Init User Auth plugin
2025-08-12 12:50:40,918 [INFO] PluginManage:359 - Loaded plugin userauth (category:base,tabindex:14)
2025-08-12 12:50:40,918 [INFO] PluginManage:283 - PluginManage : Loaded plugins [18]
2025-08-12 12:50:41,026 [INFO] PinOutPanel:1589 - setPackage(No Configuration,No Configuration)
2025-08-12 12:50:41,066 [INFO] CADModel:165 - CPN selected for project level
2025-08-12 12:50:41,067 [INFO] CADModel:114 - Register for checkConnection events
2025-08-12 12:50:41,073 [INFO] IPUIPlugin:80 - create IPUIPlugin
2025-08-12 12:50:41,073 [INFO] PluginManager:220 - loadIPPluginJar : add genericplugin
2025-08-12 12:50:41,076 [INFO] IPUIPlugin:80 - create IPUIPlugin
2025-08-12 12:50:41,076 [INFO] PluginManager:220 - loadIPPluginJar : add pdm2pcm
2025-08-12 12:50:41,077 [INFO] IPUIPlugin:80 - create IPUIPlugin
2025-08-12 12:50:41,077 [INFO] PluginManager:220 - loadIPPluginJar : add sai
2025-08-12 12:50:41,080 [INFO] IPUIPlugin:80 - create IPUIPlugin
2025-08-12 12:50:41,080 [INFO] PluginManager:220 - loadIPPluginJar : add gpio
2025-08-12 12:50:41,084 [INFO] IPUIPlugin:80 - create IPUIPlugin
2025-08-12 12:50:41,086 [INFO] PluginManager:220 - loadIPPluginJar : add plateformsettings
2025-08-12 12:50:41,087 [INFO] IPUIPlugin:80 - create IPUIPlugin
2025-08-12 12:50:41,088 [INFO] PluginManager:220 - loadIPPluginJar : add openamp
2025-08-12 12:50:41,088 [INFO] IPUIPlugin:80 - create IPUIPlugin
2025-08-12 12:50:41,089 [INFO] PluginManager:220 - loadIPPluginJar : add ts
2025-08-12 12:50:41,092 [INFO] IPUIPlugin:80 - create IPUIPlugin
2025-08-12 12:50:41,092 [INFO] PluginManager:220 - loadIPPluginJar : add dma
2025-08-12 12:50:41,093 [INFO] IPUIPlugin:80 - create IPUIPlugin
2025-08-12 12:50:41,094 [INFO] PluginManager:220 - loadIPPluginJar : add usbx
2025-08-12 12:50:41,095 [INFO] IPUIPlugin:80 - create IPUIPlugin
2025-08-12 12:50:41,095 [INFO] PluginManager:220 - loadIPPluginJar : add i2s
2025-08-12 12:50:41,097 [INFO] IPUIPlugin:80 - create IPUIPlugin
2025-08-12 12:50:41,097 [INFO] PluginManager:220 - loadIPPluginJar : add extmemmanager
2025-08-12 12:50:41,098 [INFO] IPUIPlugin:80 - create IPUIPlugin
2025-08-12 12:50:41,098 [INFO] PluginManager:220 - loadIPPluginJar : add fatfs
2025-08-12 12:50:41,101 [INFO] IPUIPlugin:80 - create IPUIPlugin
2025-08-12 12:50:41,102 [INFO] PluginManager:220 - loadIPPluginJar : add mdma
2025-08-12 12:50:41,103 [INFO] IPUIPlugin:80 - create IPUIPlugin
2025-08-12 12:50:41,103 [INFO] PluginManager:220 - loadIPPluginJar : add comp
2025-08-12 12:50:41,104 [INFO] IPUIPlugin:80 - create IPUIPlugin
2025-08-12 12:50:41,104 [INFO] PluginManager:220 - loadIPPluginJar : add tsc
2025-08-12 12:50:41,105 [INFO] IPUIPlugin:80 - create IPUIPlugin
2025-08-12 12:50:41,105 [INFO] PluginManager:220 - loadIPPluginJar : add aes
2025-08-12 12:50:41,106 [INFO] IPUIPlugin:80 - create IPUIPlugin
2025-08-12 12:50:41,106 [INFO] PluginManager:220 - loadIPPluginJar : add tim
2025-08-12 12:50:41,107 [INFO] IPUIPlugin:80 - create IPUIPlugin
2025-08-12 12:50:41,107 [INFO] PluginManager:220 - loadIPPluginJar : add cryp
2025-08-12 12:50:41,110 [INFO] IPUIPlugin:80 - create IPUIPlugin
2025-08-12 12:50:41,111 [INFO] PluginManager:220 - loadIPPluginJar : add linkedlist
2025-08-12 12:50:41,113 [INFO] IPUIPlugin:80 - create IPUIPlugin
2025-08-12 12:50:41,113 [INFO] PluginManager:220 - loadIPPluginJar : add resmgrutility
2025-08-12 12:50:41,115 [INFO] IPUIPlugin:80 - create IPUIPlugin
2025-08-12 12:50:41,115 [INFO] PluginManager:220 - loadIPPluginJar : add gfxmmu
2025-08-12 12:50:41,116 [INFO] IPUIPlugin:80 - create IPUIPlugin
2025-08-12 12:50:41,116 [INFO] PluginManager:220 - loadIPPluginJar : add i2c
2025-08-12 12:50:41,117 [INFO] IPUIPlugin:80 - create IPUIPlugin
2025-08-12 12:50:41,117 [INFO] PluginManager:220 - loadIPPluginJar : add ltdc
2025-08-12 12:50:41,119 [INFO] IPUIPlugin:80 - create IPUIPlugin
2025-08-12 12:50:41,119 [INFO] PluginManager:220 - loadIPPluginJar : add gtzc
2025-08-12 12:50:41,123 [INFO] IPUIPlugin:80 - create IPUIPlugin
2025-08-12 12:50:41,123 [INFO] PluginManager:220 - loadIPPluginJar : add stm32_wpan
2025-08-12 12:50:41,124 [INFO] IPUIPlugin:80 - create IPUIPlugin
2025-08-12 12:50:41,124 [INFO] PluginManager:220 - loadIPPluginJar : add quadspi
2025-08-12 12:50:41,125 [INFO] IPUIPlugin:80 - create IPUIPlugin
2025-08-12 12:50:41,125 [INFO] PluginManager:220 - loadIPPluginJar : add spi
2025-08-12 12:50:41,127 [INFO] IPUIPlugin:80 - create IPUIPlugin
2025-08-12 12:50:41,127 [INFO] PluginManager:220 - loadIPPluginJar : add touchsensing
2025-08-12 12:50:41,128 [INFO] IPUIPlugin:80 - create IPUIPlugin
2025-08-12 12:50:41,128 [INFO] PluginManager:220 - loadIPPluginJar : add hash
2025-08-12 12:50:41,129 [INFO] IPUIPlugin:80 - create IPUIPlugin
2025-08-12 12:50:41,130 [INFO] PluginManager:220 - loadIPPluginJar : add ipddr
2025-08-12 12:50:41,131 [INFO] IPUIPlugin:80 - create IPUIPlugin
2025-08-12 12:50:41,131 [INFO] PluginManager:220 - loadIPPluginJar : add ucpd
2025-08-12 12:50:41,134 [INFO] IPUIPlugin:80 - create IPUIPlugin
2025-08-12 12:50:41,134 [INFO] PluginManager:220 - loadIPPluginJar : add freertos
2025-08-12 12:50:41,135 [INFO] IPUIPlugin:80 - create IPUIPlugin
2025-08-12 12:50:41,136 [INFO] PluginManager:220 - loadIPPluginJar : add dfsdm
2025-08-12 12:50:41,139 [INFO] IPUIPlugin:80 - create IPUIPlugin
2025-08-12 12:50:41,139 [INFO] PluginManager:220 - loadIPPluginJar : add adc
2025-08-12 12:50:41,140 [INFO] IPUIPlugin:80 - create IPUIPlugin
2025-08-12 12:50:41,140 [INFO] PluginManager:220 - loadIPPluginJar : add ddr_ctrl_phy
2025-08-12 12:50:41,143 [INFO] IPUIPlugin:80 - create IPUIPlugin
2025-08-12 12:50:41,143 [INFO] PluginManager:220 - loadIPPluginJar : add gic
2025-08-12 12:50:41,144 [INFO] IPUIPlugin:80 - create IPUIPlugin
2025-08-12 12:50:41,144 [INFO] PluginManager:220 - loadIPPluginJar : add tracer_emb
2025-08-12 12:50:41,145 [INFO] IPUIPlugin:80 - create IPUIPlugin
2025-08-12 12:50:41,145 [INFO] PluginManager:220 - loadIPPluginJar : add opamp
2025-08-12 12:50:41,147 [INFO] IPUIPlugin:80 - create IPUIPlugin
2025-08-12 12:50:41,147 [INFO] PluginManager:220 - loadIPPluginJar : add i3c
2025-08-12 12:50:41,149 [INFO] IPUIPlugin:80 - create IPUIPlugin
2025-08-12 12:50:41,149 [INFO] PluginManager:220 - loadIPPluginJar : add lorawan
2025-08-12 12:50:41,152 [INFO] IPUIPlugin:80 - create IPUIPlugin
2025-08-12 12:50:41,152 [INFO] PluginManager:220 - loadIPPluginJar : add fmc
2025-08-12 12:50:41,155 [INFO] IPUIPlugin:80 - create IPUIPlugin
2025-08-12 12:50:41,155 [INFO] PluginManager:220 - loadIPPluginJar : add nvic
2025-08-12 12:50:41,156 [INFO] IPUIPlugin:80 - create IPUIPlugin
2025-08-12 12:50:41,156 [INFO] PluginManager:220 - loadIPPluginJar : add can
2025-08-12 12:50:41,157 [INFO] IPUIPlugin:80 - create IPUIPlugin
2025-08-12 12:50:41,157 [INFO] PluginManager:220 - loadIPPluginJar : add dma3
2025-08-12 12:50:41,158 [INFO] IPUIPlugin:80 - create IPUIPlugin
2025-08-12 12:50:41,159 [INFO] PluginManager:220 - loadIPPluginJar : add radio
2025-08-12 12:50:41,161 [INFO] IPUIPlugin:80 - create IPUIPlugin
2025-08-12 12:50:41,161 [INFO] PluginManager:220 - loadIPPluginJar : add usart
2025-08-12 12:50:41,255 [FATAL] Updater:351 - Updater called before beeing initialized
2025-08-12 12:50:41,277 [INFO] RulesReader:64 - Compatibility file has been processed (302 Rules)
2025-08-12 12:50:41,288 [INFO] RulesReader:64 - Compatibility file has been processed (302 Rules)
2025-08-12 12:50:41,294 [INFO] CADModel:165 - CPN selected for project level
2025-08-12 12:50:41,294 [INFO] CADModel:114 - Register for checkConnection events
2025-08-12 12:50:41,295 [FATAL] Updater:351 - Updater called before beeing initialized
2025-08-12 12:50:41,295 [ERROR] CADModel:125 - Updater not yet initialized, retry later 
2025-08-12 12:50:41,370 [FATAL] Updater:351 - Updater called before beeing initialized
2025-08-12 12:50:41,371 [INFO] CADModel:165 - CPN selected for project level
2025-08-12 12:50:41,371 [INFO] CADModel:114 - Register for checkConnection events
2025-08-12 12:50:41,372 [FATAL] Updater:351 - Updater called before beeing initialized
2025-08-12 12:50:41,372 [ERROR] CADModel:125 - Updater not yet initialized, retry later 
2025-08-12 12:50:41,374 [FATAL] Updater:351 - Updater called before beeing initialized
2025-08-12 12:50:41,450 [FATAL] Updater:351 - Updater called before beeing initialized
2025-08-12 12:50:41,453 [INFO] DbMcusAds:53 - JSON generation date=Tue Jul 08 13:44:23 IST 2025 (1751962463562)
2025-08-12 12:50:41,453 [FATAL] Updater:351 - Updater called before beeing initialized
2025-08-12 12:50:41,475 [WARN] DetailPanel:346 - Failed to get advertising image, set to default
2025-08-12 12:50:41,687 [FATAL] Updater:351 - Updater called before beeing initialized
2025-08-12 12:50:41,688 [FATAL] Updater:351 - Updater called before beeing initialized
2025-08-12 12:50:41,688 [FATAL] Updater:351 - Updater called before beeing initialized
2025-08-12 12:50:41,688 [WARN] DetailPanel:346 - Failed to get advertising image, set to default
2025-08-12 12:50:41,688 [FATAL] Updater:351 - Updater called before beeing initialized
2025-08-12 12:50:41,714 [ERROR] Updater:1198 - MainUpdater not yet initialized. External WinMGr cannot be set.
2025-08-12 12:50:41,715 [INFO] Updater:1134 - Updater Version found : 6.14.1
2025-08-12 12:50:41,727 [INFO] ApplicationProperties:184 - Using Application install path: /opt/st/stm32cubeide_1.18.0/../../../home/hp15s-pc/.eclipse/com.st.stm32cube.ide.mcu.rcp.product_1.18.0_139067096_linux_gtk_x86_64/plugins/com.st.stm32cube.common.mx_6.14.1.202504091515
2025-08-12 12:50:43,805 [INFO] ThirdPartyUpdaterWithRetryManager:70 - Updater plugin not ready yet. [2/15]
2025-08-12 12:50:46,806 [FATAL] Updater:351 - Updater called before beeing initialized
2025-08-12 12:50:46,806 [ERROR] IntegrityCheckThread:130 - Cannot retrieve database content from updater: error 21
2025-08-12 12:50:46,807 [INFO] ThirdParty:978 - Integrity check success = false
2025-08-12 12:50:46,807 [INFO] IntegrityCheckThread:100 - exiting critical section [integrity check]
2025-08-12 12:50:46,807 [INFO] IntegrityCheckThread:103 - End integrity checks thread
2025-08-12 12:50:48,903 [INFO] McuFinderGlobals:63 - Set McuFinder mode to 2 (CubeIDE integrated)
2025-08-12 12:50:57,252 [ERROR] ConfigurationRetriever:142 - IOException on connection: Read timed out
2025-08-12 12:50:59,517 [ERROR] ConfigurationRetriever:142 - IOException on connection: Read timed out
2025-08-12 12:51:02,674 [ERROR] ConfigurationRetriever:142 - IOException on connection: Read timed out
2025-08-12 12:51:06,535 [INFO] MainUpdater:2872 - connection check result : 10
2025-08-12 12:51:06,536 [INFO] MainUpdater:289 - Updater Check For Update Now.
2025-08-12 12:51:06,536 [INFO] MicroXplorer:498 - Change Database Version : DB.6.0.141
2025-08-12 12:51:06,540 [INFO] McuFinderGlobals:63 - Set McuFinder mode to 2 (CubeIDE integrated)
2025-08-12 12:51:06,540 [INFO] UserAuth:171 - activating auth plugin
2025-08-12 12:51:06,542 [INFO] UserAuth:484 - Internet connection configuration mode: 1
2025-08-12 12:51:06,552 [INFO] JxBrowserEngine:152 - Initiate JxBrowser Engine with user profile folder
2025-08-12 12:51:06,695 [INFO] CheckServerUpdateThread:120 - End of CheckServer Thread
2025-08-12 12:51:06,747 [INFO] MainUpdater:2872 - connection check result : 10
2025-08-12 12:51:06,931 [INFO] WebApp:169 - Instantiating new browser for Auth
2025-08-12 12:51:07,312 [INFO] WebApp:463 - Apply proxy settings
2025-08-12 12:51:07,312 [INFO] WebApp:548 - Chromium requires no authentication
2025-08-12 12:51:07,316 [INFO] WebApp:491 - Direct internet connection detected
2025-08-12 12:51:07,328 [INFO] WebApp:894 - Register for checkConnection events
2025-08-12 12:51:07,328 [INFO] WebApp:463 - Apply proxy settings
2025-08-12 12:51:07,328 [INFO] WebApp:548 - Chromium requires no authentication
2025-08-12 12:51:07,329 [INFO] WebApp:491 - Direct internet connection detected
2025-08-12 12:51:07,406 [INFO] WebApp:225 - Starting web application
2025-08-12 12:51:07,406 [INFO] WebApp:593 - Web application path used /opt/st/stm32cubeide_1.18.0/../../../home/hp15s-pc/.eclipse/com.st.stm32cube.ide.mcu.rcp.product_1.18.0_139067096_linux_gtk_x86_64/plugins/com.st.stm32cube.common.mx_6.14.1.202504091515/db/plugins/mcufinder/reactClient1/index.html
2025-08-12 12:51:12,147 [ERROR] ConfigurationRetriever:142 - IOException on connection: Read timed out
